  Game.cpp
C:\libraries\VSCPP\GeoBattle\Game.cpp(165,11): warning C4244: 'initializing': conversion from 'T' to 'float', possible loss of data
C:\libraries\VSCPP\GeoBattle\Game.cpp(165,11): warning C4244:         with
C:\libraries\VSCPP\GeoBattle\Game.cpp(165,11): warning C4244:         [
C:\libraries\VSCPP\GeoBattle\Game.cpp(165,11): warning C4244:             T=unsigned int
C:\libraries\VSCPP\GeoBattle\Game.cpp(165,11): warning C4244:         ]
C:\libraries\VSCPP\GeoBattle\Game.cpp(166,11): warning C4244: 'initializing': conversion from 'T' to 'float', possible loss of data
C:\libraries\VSCPP\GeoBattle\Game.cpp(166,11): warning C4244:         with
C:\libraries\VSCPP\GeoBattle\Game.cpp(166,11): warning C4244:         [
C:\libraries\VSCPP\GeoBattle\Game.cpp(166,11): warning C4244:             T=unsigned int
C:\libraries\VSCPP\GeoBattle\Game.cpp(166,11): warning C4244:         ]
C:\Program Files\Microsoft Visual Studio\2022\Community\VC\Tools\MSVC\14.44.35207\include\xutility(462,85): warning C4244: 'argument': conversion from 'int' to 'float', possible loss of data
  (compiling source file 'Game.cpp')
      C:\Program Files\Microsoft Visual Studio\2022\Community\VC\Tools\MSVC\14.44.35207\include\xutility(462,85):
      the template instantiation context (the oldest one first) is
          C:\libraries\VSCPP\GeoBattle\Game.cpp(156,28):
          see reference to function template instantiation 'std::shared_ptr<CShape> std::make_shared<CShape,int&,int&,sf::Color,sf::Color,int&>(int &,int &,sf::Color &&,sf::Color &&,int &)' being compiled
          C:\Program Files\Microsoft Visual Studio\2022\Community\VC\Tools\MSVC\14.44.35207\include\memory(2913,46):
          see reference to function template instantiation 'std::_Ref_count_obj2<CShape>::_Ref_count_obj2<int&,int&,_Ty,_Ty,int&>(int &,int &,_Ty &&,_Ty &&,int &)' being compiled
          with
          [
              _Ty=sf::Color
          ]
          C:\Program Files\Microsoft Visual Studio\2022\Community\VC\Tools\MSVC\14.44.35207\include\memory(2100,18):
          see reference to function template instantiation 'void std::_Construct_in_place<_Ty,int&,int&,sf::Color,sf::Color,int&>(_Ty &,int &,int &,sf::Color &&,sf::Color &&,int &) noexcept(false)' being compiled
          with
          [
              _Ty=CShape
          ]
          C:\Program Files\Microsoft Visual Studio\2022\Community\VC\Tools\MSVC\14.44.35207\include\xutility(472,14):
          see reference to function template instantiation '_Ty *std::construct_at<_Ty,int&,int&,sf::Color,sf::Color,int&>(_Ty *const ,int &,int &,sf::Color &&,sf::Color &&,int &) noexcept(<expr>)' being compiled
          with
          [
              _Ty=CShape
          ]
  
C:\Program Files\Microsoft Visual Studio\2022\Community\VC\Tools\MSVC\14.44.35207\include\xutility(476,82): warning C4244: 'argument': conversion from 'int' to 'float', possible loss of data
  (compiling source file 'Game.cpp')
  
C:\Program Files\Microsoft Visual Studio\2022\Community\VC\Tools\MSVC\14.44.35207\include\xutility(463,90): warning C4244: 'argument': conversion from 'int' to 'float', possible loss of data
  (compiling source file 'Game.cpp')
      C:\Program Files\Microsoft Visual Studio\2022\Community\VC\Tools\MSVC\14.44.35207\include\xutility(463,90):
      the template instantiation context (the oldest one first) is
          C:\Program Files\Microsoft Visual Studio\2022\Community\VC\Tools\MSVC\14.44.35207\include\memory(2100,18):
          see reference to function template instantiation 'void std::_Construct_in_place<_Ty,int&,int&,sf::Color,sf::Color,int&>(_Ty &,int &,int &,sf::Color &&,sf::Color &&,int &) noexcept(false)' being compiled
          with
          [
              _Ty=CShape
          ]
          C:\Program Files\Microsoft Visual Studio\2022\Community\VC\Tools\MSVC\14.44.35207\include\xutility(472,14):
          see reference to function template instantiation '_Ty *std::construct_at<_Ty,int&,int&,sf::Color,sf::Color,int&>(_Ty *const ,int &,int &,sf::Color &&,sf::Color &&,int &) noexcept(false)' being compiled
          with
          [
              _Ty=CShape
          ]
  
  Generating code
  Previous IPDB and IOBJ mismatch, fall back to full compilation.
  All 773 functions were compiled because no usable IPDB/IOBJ from previous compilation was found.
  Finished generating code
  GeoBattle.vcxproj -> C:\libraries\VSCPP\GeoBattle\x64\Release\GeoBattle.exe
